

/*
	Generated by the Particle Editor.
	To use the particle editor, launch the game and type 'editParticles' on the console.
*/
particle grabbersmoke {
	{
		count				75
		material			textures/particles/pfiretiny1
		time				0.700
		cycles				1.000
		bunching			1.000
		distribution		cylinder 1.000 1.000 0.000 0.000 
		direction			cone 0.000 
		orientation			view 
		
		speed				 "20.000" 
		size				 "2.000"  to "4.000"
		aspect				 "1.000" 
		randomDistribution				1
		boundsExpansion				0.000
		fadeIn				0.200
		fadeOut				0.550
		fadeIndex				0.850
		color 				0.000 0.530 1.000 1.000
		fadeColor 			0.000 0.000 0.000 1.000
		offset 				0.000 0.000 0.000
		gravity 			world -10.000
	}
}

/*
	Generated by the Particle Editor.
	To use the particle editor, launch the game and type 'editParticles' on the console.
*/
particle grabber_upper {
	{
		count				40
		material			textures/particles/grabber2
		time				0.200
		cycles				0.000
		bunching			0.900
		distribution		rect 1.000 1.000 0.000 
		direction			cone 1.000 
		orientation			view 
		speed				 "10.000" 
		size				 "0.200" 
		aspect				 "1.000" 
		randomDistribution				1
		boundsExpansion				0.000
		fadeIn				0.000
		fadeOut				0.000
		fadeIndex				0.000
		color 				1.000 1.000 1.000 1.000
		fadeColor 			0.000 0.000 0.000 1.000
		offset 				0.000 0.000 0.000
		gravity 			0.000
	}
	{
		count				40
		material			textures/particles/grabber1
		time				0.400
		cycles				0.000
		bunching			1.000
		distribution		rect 1.000 1.000 0.000 
		direction			cone 1.000 
		orientation			view 
		speed				 "5.000" 
		size				 "0.200" 
		aspect				 "1.000" 
		randomDistribution				1
		boundsExpansion				0.000
		fadeIn				0.100
		fadeOut				0.250
		fadeIndex				0.000
		color 				1.000 1.000 1.000 1.000
		fadeColor 			0.000 0.000 0.000 0.000
		offset 				0.000 0.000 0.000
		gravity 			1.000
	}
}

// Koz  begin
particle grabber_lower {
	{
		count				40
		material			textures/particles/grabber2
		time				0.200
		cycles				0.000
		bunching			0.900
		distribution		rect 1.000 1.000 0.000 
		direction			cone 1.000 
		orientation			view 
		speed				 "10.000" 
		size				 "0.200" 
		aspect				 "1.000" 
		randomDistribution				1
		boundsExpansion				0.000
		fadeIn				0.000
		fadeOut				0.000
		fadeIndex				0.000
		color 				1.000 1.000 1.000 1.000
		fadeColor 			0.000 0.000 0.000 1.000
		offset 				0.000 0.000 0.000
		gravity 			0.000
	}
	{
		count				40
		material			textures/particles/grabber1
		time				0.400
		cycles				0.000
		bunching			1.000
		distribution		rect 1.000 1.000 0.000 
		direction			cone -1.000 
		orientation			view 
		speed				 "5.000" 
		size				 "0.200" 
		aspect				 "1.000" 
		randomDistribution				1
		boundsExpansion				0.000
		fadeIn				0.100
		fadeOut				0.250
		fadeIndex				0.000
		color 				1.000 1.000 1.000 1.000
		fadeColor 			0.000 0.000 0.000 0.000
		offset 				0.000 0.000 0.000
		gravity 			1.000
	}
}

particle grabber_beam {
	{
		count				70
		material			textures/particles/grabber2
		time				0.200
		cycles				0.000
		bunching			0.900
		distribution		sphere 2.500 2.500 2.500  
		direction			cone 90.0
		orientation			view 
		speed				 "10.000" 
		size				 "0.200" 
		aspect				 "1.000" 
		randomDistribution				1
		boundsExpansion				0.000
		fadeIn				0.000
		fadeOut				0.000
		fadeIndex				0.000
		color 				1.000 1.000 1.000 1.000
		fadeColor 			0.000 0.000 0.000 1.000
		offset 				1.000 0.000 -1.000
		gravity 			0.000
	}
	{
		count				70
		material			textures/particles/grabber1
		time				0.400
		cycles				0.000
		bunching			1.000
		distribution		sphere 2.500 2.500 2.500
		direction			cone -90.000 
		orientation			view 
		speed				 "5.000" 
		size				 "0.200" 
		aspect				 "1.000" 
		randomDistribution				1
		boundsExpansion				0.000
		fadeIn				0.100
		fadeOut				0.250
		fadeIndex				0.000
		color 				1.000 1.000 1.000 1.000
		fadeColor 			0.000 0.000 0.000 0.000
		offset 				1.000 0.000 -1.000
		gravity 			1.000
	}
}

// Koz end


/*
	Generated by the Particle Editor.
	To use the particle editor, launch the game and type 'editParticles' on the console.
*/
particle grabber_suck {
	{
		count				168
		material			textures/particles/pfiretiny1
		time				0.400
		cycles				0.000
		bunching			1.000
		distribution		rect 1.000 1.000 0.000 
		direction			cone "0.000" 
		orientation			view 
		customPath flies 15.000 0.000 10.000 
		speed				 "2.000" 
		size				 "1.500"  to "2.000"
		aspect				 "1.000"  to "5.000"
		randomDistribution				1
		boundsExpansion				128.000
		fadeIn				0.100
		fadeOut				0.100
		fadeIndex				0.500
		color 				0.000 0.530 1.000 1.000
		fadeColor 			0.000 0.000 0.000 1.000
		offset 				32.000 0.000 0.000
		gravity 			15.000
	}
}


/*
	Generated by the Particle Editor.
	To use the particle editor, launch the game and type 'editParticles' on the console.
*/
particle shockwave {
	{
		count				1
		material			textures/sfx/vpring3
		time				1.000
		cycles				1.000
		bunching			1.000
		distribution		rect 1.000 1.000 1.000 
		direction			cone "90.000" 
		orientation			z 
		speed				 "0.000" 
		size				 "8.000"  to "1024.000"
		aspect				 "1.000" 
		randomDistribution				1
		boundsExpansion				0.000
		fadeIn				0.100
		fadeOut				0.250
		fadeIndex				0.000
		color 				1.000 1.000 1.000 1.000
		fadeColor 			0.000 0.000 0.000 0.000
		offset 				0.000 0.000 0.000
		gravity 			1.000
	}
}

particle e6_shockwave {
	{
		count				1
		material			textures/sfx/vpring3
		time				4.000
		cycles				1.000
		bunching			1.000
		distribution		rect 1.000 1.000 1.000 
		direction			cone "90.000" 
		orientation			z 
		speed				 "0.000" 
		size				 "8.000"  to "1024.000"
		aspect				 "1.000" 
		randomDistribution				1
		boundsExpansion				0.000
		fadeIn				0.100
		fadeOut				0.250
		fadeIndex				0.000
		color 				1.000 1.000 1.000 1.000
		fadeColor 			0.000 0.000 0.000 0.000
		offset 				0.000 0.000 0.000
		gravity 			1.000
	}
}